<?xml version="1.0" encoding="UTF-8"?>
<!-- Generated by org.testng.reporters.JUnitReportReporter -->
<testsuite hostname="ZGC-20160219WUL" name="cn.suning.automation.test.clickAlert" tests="1" failures="0" timestamp="14 Mar 2016 06:54:22 GMT" time="2.525" errors="0">
  <testcase name="tc01_chrome" time="2.525" classname="cn.suning.automation.test.clickAlert"/>
</testsuite> <!-- cn.suning.automation.test.clickAlert -->
