<?xml version="1.0" encoding="UTF-8"?>
<!-- Generated by org.testng.reporters.JUnitReportReporter -->
<testsuite hostname="ZGC-20160219WUL" name="cn.suning.automation.testSuite.mail163.TestCase01" tests="1" failures="0" timestamp="10 Mar 2016 07:15:44 GMT" time="12.298" errors="0">
  <testcase name="testLogin" time="12.298" classname="cn.suning.automation.testSuite.mail163.TestCase01"/>
</testsuite> <!-- cn.suning.automation.testSuite.mail163.TestCase01 -->
