<?xml version="1.0" encoding="UTF-8"?>
<!-- Generated by org.testng.reporters.JUnitReportReporter -->
<testsuite hostname="ZGC-20160219WUL" name="cn.suning.automation.test.getBrowserUrl" tests="1" failures="0" timestamp="14 Mar 2016 07:11:56 GMT" time="4.284" errors="0">
  <testcase name="tc01_chrome" time="4.284" classname="cn.suning.automation.test.getBrowserUrl"/>
</testsuite> <!-- cn.suning.automation.test.getBrowserUrl -->
