<?xml version="1.0" encoding="UTF-8"?>
<!-- Generated by org.testng.reporters.JUnitReportReporter -->
<testsuite hostname="ZGC-20160219WUL" name="cn.suning.automation.test.KillAllBrowser" tests="3" failures="0" timestamp="14 Mar 2016 06:34:47 GMT" time="10.594" errors="0">
  <testcase name="tc01_chrome" time="0.925" classname="cn.suning.automation.test.KillAllBrowser"/>
  <testcase name="tc01_fireFox" time="5.625" classname="cn.suning.automation.test.KillAllBrowser"/>
  <testcase name="tc01_IE" time="4.044" classname="cn.suning.automation.test.KillAllBrowser"/>
</testsuite> <!-- cn.suning.automation.test.KillAllBrowser -->
